
maochun@MMMBP ota_client % idf.py -v build                          
Checking Python dependencies...
Python requirements are satisfied.
Constraint file: /Users/maochun/.espressif/espidf.constraints.v6.0.txt
Requirement files:
 - /Users/maochun/esp32prj/esp-idf/tools/requirements/requirements.core.txt
Python being checked: /Users/maochun/.espressif/python_env/idf6.0_py3.13_env/bin/python
Checking used Python interpreter...
Executing action: all (aliases: build)
Running ninja in directory /Users/maochun/esp32prj/Project_CAM/branch/ota_Client/ota_client/build
Executing "ninja -v all"...
[0/1] /usr/local/bin/cmake --regenerate-during-build -S/Users/maochun/esp32prj/Project_CAM/branch/ota_Client/ota_client -B/Users/maochun/esp32prj/Project_CAM/branch/ota_Client/ota_client/build
-- Minimal build - OFF
-- Building ESP-IDF components for target esp32s3
NOTICE: Processing 3 dependencies:
NOTICE: [1/3] espressif/esp_jpeg (1.3.1)
NOTICE: [2/3] espressif/esp_new_jpeg (1.0.0)
NOTICE: [3/3] idf (6.0.0)
-- ESP-TEE is currently supported only on the esp32c6;esp32h2;esp32c5 SoCs
-- Project sdkconfig file /Users/maochun/esp32prj/Project_CAM/branch/ota_Client/ota_client/sdkconfig
-- Compiler supported targets: xtensa-esp-elf
-- App "ota_client" version: 1.0.1
-- USING O3
-- Adding linker script /Users/maochun/esp32prj/Project_CAM/branch/ota_Client/ota_client/build/esp-idf/esp_system/ld/memory.ld
-- Adding linker script /Users/maochun/esp32prj/Project_CAM/branch/ota_Client/ota_client/build/esp-idf/esp_system/ld/sections.ld.in
-- Adding linker script /Users/maochun/esp32prj/esp-idf/components/esp_rom/esp32s3/ld/esp32s3.rom.ld
-- Adding linker script /Users/maochun/esp32prj/esp-idf/components/esp_rom/esp32s3/ld/esp32s3.rom.api.ld
-- Adding linker script /Users/maochun/esp32prj/esp-idf/components/esp_rom/esp32s3/ld/esp32s3.rom.bt_funcs.ld
-- Adding linker script /Users/maochun/esp32prj/esp-idf/components/esp_rom/esp32s3/ld/esp32s3.rom.libgcc.ld
-- Adding linker script /Users/maochun/esp32prj/esp-idf/components/esp_rom/esp32s3/ld/esp32s3.rom.wdt.ld
-- Adding linker script /Users/maochun/esp32prj/esp-idf/components/esp_rom/esp32s3/ld/esp32s3.rom.version.ld
-- Adding linker script /Users/maochun/esp32prj/esp-idf/components/esp_rom/esp32s3/ld/esp32s3.rom.ble_master.ld
-- Adding linker script /Users/maochun/esp32prj/esp-idf/components/esp_rom/esp32s3/ld/esp32s3.rom.ble_50.ld
-- Adding linker script /Users/maochun/esp32prj/esp-idf/components/esp_rom/esp32s3/ld/esp32s3.rom.ble_smp.ld
-- Adding linker script /Users/maochun/esp32prj/esp-idf/components/esp_rom/esp32s3/ld/esp32s3.rom.ble_dtm.ld
-- Adding linker script /Users/maochun/esp32prj/esp-idf/components/esp_rom/esp32s3/ld/esp32s3.rom.ble_test.ld
-- Adding linker script /Users/maochun/esp32prj/esp-idf/components/esp_rom/esp32s3/ld/esp32s3.rom.ble_scan.ld
-- Adding linker script /Users/maochun/esp32prj/esp-idf/components/esp_rom/esp32s3/ld/esp32s3.rom.libc.ld
-- Adding linker script /Users/maochun/esp32prj/esp-idf/components/esp_rom/esp32s3/ld/esp32s3.rom.newlib.ld
-- Adding linker script /Users/maochun/esp32prj/esp-idf/components/soc/esp32s3/ld/esp32s3.peripherals.ld




/Users/maochun/esp32prj/Project_CAM/branch/ota_Client/ota_client/app/client_register/client_register.c: In function 'client_register_send_register':
/Users/maochun/esp32prj/Project_CAM/branch/ota_Client/ota_client/app/client_register/client_register.c:45:46: error: 'PROJECT_VER' undeclared (first use in this function)
   45 |     cJSON_AddStringToObject(root, "version", PROJECT_VER);